<?xml version="1.0" encoding="UTF-8"?>
<testsuite name="com.example.MainTest" tests="1" skipped="0" failures="0" errors="0" timestamp="2024-07-30T04:08:50" hostname="LAPTOP-PC18PNMA" time="0.014">
  <properties/>
  <testcase name="testMain" classname="com.example.MainTest" time="0.014"/>
  <system-out><![CDATA[]]></system-out>
  <system-err><![CDATA[]]></system-err>
</testsuite>
